{"numFailedTestSuites":0,"numFailedTests":0,"numPassedTestSuites":2,"numPassedTests":4,"numPendingTestSuites":0,"numPendingTests":0,"numRuntimeErrorTestSuites":0,"numTodoTests":0,"numTotalTestSuites":2,"numTotalTests":4,"openHandles":[],"snapshot":{"added":0,"didUpdate":false,"failure":false,"filesAdded":0,"filesRemoved":0,"filesRemovedList":[],"filesUnmatched":0,"filesUpdated":0,"matched":0,"total":0,"unchecked":0,"uncheckedKeysByFile":[],"unmatched":0,"updated":0},"startTime":1773244048624,"success":true,"testResults":[{"assertionResults":[{"ancestorTitles":["Receptionist & Doctor Flow Integration Test"],"duration":85,"failureDetails":[],"failureMessages":[],"fullName":"Receptionist & Doctor Flow Integration Test should complete the full receptionist -> doctor complaint lifecycle","invocations":1,"location":null,"numPassingAsserts":1,"retryReasons":[],"status":"passed","title":"should complete the full receptionist -> doctor complaint lifecycle"}],"endTime":1773244051539,"message":"","name":"/Users/aswinpotta/Desktop/SE/Secure-Healthcare-Information-Patient-Management-System/backend/src/__tests__/integration/receptionistFlow.test.js","startTime":1773244048645,"status":"passed","summary":""},{"assertionResults":[{"ancestorTitles":["Patient Flow Integration Test","Access Control Integration"],"duration":746,"failureDetails":[],"failureMessages":[],"fullName":"Patient Flow Integration Test Access Control Integration should allow a patient to access their own profile","invocations":1,"location":null,"numPassingAsserts":2,"retryReasons":[],"status":"passed","title":"should allow a patient to access their own profile"},{"ancestorTitles":["Patient Flow Integration Test","Access Control Integration"],"duration":822,"failureDetails":[],"failureMessages":[],"fullName":"Patient Flow Integration Test Access Control Integration should deny a patient access to another patients ID","invocations":1,"location":null,"numPassingAsserts":0,"retryReasons":[],"status":"passed","title":"should deny a patient access to another patients ID"},{"ancestorTitles":["Patient Flow Integration Test","Access Control Integration"],"duration":545,"failureDetails":[],"failureMessages":[],"fullName":"Patient Flow Integration Test Access Control Integration should return 401 for requests without token","invocations":1,"location":null,"numPassingAsserts":0,"retryReasons":[],"status":"passed","title":"should return 401 for requests without token"}],"endTime":1773244054131,"message":"","name":"/Users/aswinpotta/Desktop/SE/Secure-Healthcare-Information-Patient-Management-System/backend/src/__tests__/integration/patientFlow.test.js","startTime":1773244051543,"status":"passed","summary":""}],"wasInterrupted":false}
